<?xml version="1.0" encoding="UTF-8"?>
<!-- Generated by org.testng.reporters.JUnitReportReporter -->
<testsuite hostname="Divagar" failures="0" tests="1" name="com.simplilearn.RestAssuredSportyShoes.GETUsers" time="1.125" errors="0" timestamp="2023-08-24T17:08:50 IST" skipped="0">
  <testcase classname="com.simplilearn.RestAssuredSportyShoes.GETUsers" name="getServerResponse" time="1.125"/>
  <system-out/>
</testsuite> <!-- com.simplilearn.RestAssuredSportyShoes.GETUsers -->
