<?xml version="1.0" encoding="UTF-8"?>
<!-- Generated by org.testng.reporters.JUnitReportReporter -->
<testsuite hostname="Divagar" failures="0" tests="1" name="com.simplilearn.RestAssuredSportyShoes.GETFunction$GETDemo" time="1.288" errors="0" timestamp="2023-08-24T17:07:03 IST" skipped="0">
  <testcase classname="com.simplilearn.RestAssuredSportyShoes.GETFunction$GETDemo" name="getServerResponse" time="1.288"/>
  <system-out/>
</testsuite> <!-- com.simplilearn.RestAssuredSportyShoes.GETFunction$GETDemo -->
