<?xml version="1.0" encoding="UTF-8"?>
<!-- Generated by org.testng.reporters.JUnitReportReporter -->
<testsuite hostname="Divagar" failures="0" tests="7" name="in.amazon.teststeps.TestRunner" time="75.364" errors="0" timestamp="2023-07-31T10:11:52 IST" skipped="0">
  <testcase classname="in.amazon.teststeps.TestRunner" name="runScenario" time="9.869"/>
  <testcase classname="in.amazon.teststeps.TestRunner" name="runScenario" time="26.996"/>
  <testcase classname="in.amazon.teststeps.TestRunner" name="runScenario" time="7.453"/>
  <testcase classname="in.amazon.teststeps.TestRunner" name="runScenario" time="7.546"/>
  <testcase classname="in.amazon.teststeps.TestRunner" name="runScenario" time="7.785"/>
  <testcase classname="in.amazon.teststeps.TestRunner" name="runScenario" time="7.966"/>
  <testcase classname="in.amazon.teststeps.TestRunner" name="runScenario" time="7.749"/>
</testsuite> <!-- in.amazon.teststeps.TestRunner -->
