<?xml version="1.0" encoding="UTF-8"?>
<!-- Generated by org.testng.reporters.JUnitReportReporter -->
<testsuite hostname="Divagar" failures="0" tests="1" name="com.simplilearn.Ecommerce.EcommerceAutomate" time="1.333" errors="0" timestamp="2023-07-25T12:44:32 IST" skipped="0">
  <testcase classname="com.simplilearn.Ecommerce.EcommerceAutomate" name="testOrderFirstProduct" time="1.333"/>
  <system-out/>
</testsuite> <!-- com.simplilearn.Ecommerce.EcommerceAutomate -->
