<?xml version="1.0" encoding="UTF-8"?>
<!-- Generated by org.testng.reporters.JUnitReportReporter -->
<testsuite hostname="Divagar" failures="0" tests="1" name="com.swiggy.teststeps.TestRunner" time="12.545" errors="0" timestamp="2023-08-01T14:13:53 IST" skipped="0">
  <testcase classname="com.swiggy.teststeps.TestRunner" name="runScenario" time="12.545"/>
</testsuite> <!-- com.swiggy.teststeps.TestRunner -->
